<?xml version="1.0" encoding="UTF-8"?>
<testng-results ignored="0" total="1" passed="1" failed="0" skipped="0">
  <reporter-output>
  </reporter-output>
  <suite started-at="2024-09-28T15:54:20 IST" name="Default suite" finished-at="2024-09-28T15:54:27 IST" duration-ms="6889">
    <groups>
    </groups>
    <test started-at="2024-09-28T15:54:20 IST" name="Default test" finished-at="2024-09-28T15:54:27 IST" duration-ms="6889">
      <class name="testngpkg.Fileuploadrobot">
        <test-method is-config="true" signature="setup()[pri:0, instance:testngpkg.Fileuploadrobot@3c77d488]" started-at="2024-09-28T15:54:20 IST" name="setup" finished-at="2024-09-28T15:54:23 IST" duration-ms="3684" status="PASS">
          <reporter-output>
          </reporter-output>
        </test-method> <!-- setup -->
        <test-method signature="test()[pri:0, instance:testngpkg.Fileuploadrobot@3c77d488]" started-at="2024-09-28T15:54:23 IST" name="test" finished-at="2024-09-28T15:54:27 IST" duration-ms="3181" status="PASS">
          <reporter-output>
          </reporter-output>
        </test-method> <!-- test -->
      </class> <!-- testngpkg.Fileuploadrobot -->
    </test> <!-- Default test -->
  </suite> <!-- Default suite -->
</testng-results>
